{"C:\\Users\\Indformatica\\Documents\\GitHub\\PIDRID\\controller\\controllerDocente.js": {"path":"C:\\Users\\Indformatica\\Documents\\GitHub\\PIDRID\\controller\\controllerDocente.js","statementMap":{"0":{"start":{"line":3,"column":52},"end":{"line":3,"column":77}},"1":{"start":{"line":5,"column":0},"end":{"line":12,"column":1}},"2":{"start":{"line":8,"column":4},"end":{"line":10,"column":5}},"3":{"start":{"line":11,"column":4},"end":{"line":11,"column":38}},"4":{"start":{"line":14,"column":0},"end":{"line":26,"column":1}},"5":{"start":{"line":16,"column":15},"end":{"line":16,"column":28}},"6":{"start":{"line":17,"column":16},"end":{"line":17,"column":30}},"7":{"start":{"line":18,"column":16},"end":{"line":18,"column":33}},"8":{"start":{"line":19,"column":19},"end":{"line":19,"column":36}},"9":{"start":{"line":20,"column":16},"end":{"line":20,"column":30}},"10":{"start":{"line":21,"column":13},"end":{"line":21,"column":28}},"11":{"start":{"line":23,"column":4},"end":{"line":23,"column":68}},"12":{"start":{"line":25,"column":4},"end":{"line":25,"column":22}},"13":{"start":{"line":28,"column":0},"end":{"line":49,"column":1}},"14":{"start":{"line":29,"column":16},"end":{"line":29,"column":30}},"15":{"start":{"line":30,"column":16},"end":{"line":30,"column":33}},"16":{"start":{"line":32,"column":15},"end":{"line":32,"column":40}},"17":{"start":{"line":36,"column":4},"end":{"line":47,"column":5}},"18":{"start":{"line":37,"column":8},"end":{"line":39,"column":9}},"19":{"start":{"line":41,"column":8},"end":{"line":41,"column":37}},"20":{"start":{"line":43,"column":8},"end":{"line":45,"column":9}},"21":{"start":{"line":46,"column":8},"end":{"line":46,"column":39}}},"fnMap":{"0":{"name":"(anonymous_0)","decl":{"start":{"line":5,"column":17},"end":{"line":5,"column":18}},"loc":{"start":{"line":5,"column":42},"end":{"line":12,"column":1}},"line":5},"1":{"name":"(anonymous_1)","decl":{"start":{"line":14,"column":18},"end":{"line":14,"column":19}},"loc":{"start":{"line":14,"column":43},"end":{"line":26,"column":1}},"line":14},"2":{"name":"(anonymous_2)","decl":{"start":{"line":28,"column":17},"end":{"line":28,"column":18}},"loc":{"start":{"line":28,"column":42},"end":{"line":49,"column":1}},"line":28}},"branchMap":{"0":{"loc":{"start":{"line":36,"column":4},"end":{"line":47,"column":5}},"type":"if","locations":[{"start":{"line":36,"column":4},"end":{"line":47,"column":5}},{"start":{"line":42,"column":11},"end":{"line":47,"column":5}}],"line":36}},"s":{"0":1,"1":1,"2":1,"3":1,"4":1,"5":1,"6":1,"7":1,"8":1,"9":1,"10":1,"11":1,"12":1,"13":1,"14":2,"15":2,"16":2,"17":2,"18":1,"19":1,"20":1,"21":1},"f":{"0":1,"1":1,"2":2},"b":{"0":[1,1]},"_coverageSchema":"1a1c01bbd47fc00a2c39e90264f33305004495a9","hash":"f33da5693b8ad02095f9c87c5f5e4f4452111478"}
,"C:\\Users\\Indformatica\\Documents\\GitHub\\PIDRID\\controller\\controllerIndex.js": {"path":"C:\\Users\\Indformatica\\Documents\\GitHub\\PIDRID\\controller\\controllerIndex.js","statementMap":{"0":{"start":{"line":1,"column":12},"end":{"line":1,"column":45}},"1":{"start":{"line":5,"column":0},"end":{"line":10,"column":1}},"2":{"start":{"line":6,"column":4},"end":{"line":8,"column":5}},"3":{"start":{"line":9,"column":4},"end":{"line":9,"column":34}},"4":{"start":{"line":12,"column":0},"end":{"line":19,"column":1}},"5":{"start":{"line":17,"column":4},"end":{"line":17,"column":42}},"6":{"start":{"line":18,"column":4},"end":{"line":18,"column":26}}},"fnMap":{"0":{"name":"(anonymous_0)","decl":{"start":{"line":5,"column":25},"end":{"line":5,"column":26}},"loc":{"start":{"line":5,"column":51},"end":{"line":10,"column":1}},"line":5},"1":{"name":"(anonymous_1)","decl":{"start":{"line":12,"column":16},"end":{"line":12,"column":17}},"loc":{"start":{"line":12,"column":41},"end":{"line":19,"column":1}},"line":12}},"branchMap":{},"s":{"0":1,"1":1,"2":1,"3":1,"4":1,"5":1,"6":1},"f":{"0":1,"1":1},"b":{},"_coverageSchema":"1a1c01bbd47fc00a2c39e90264f33305004495a9","hash":"4b5acac4fd021e80eeacc3f00d3effa056de81b4"}
,"C:\\Users\\Indformatica\\Documents\\GitHub\\PIDRID\\controller\\controllerRID.js": {"path":"C:\\Users\\Indformatica\\Documents\\GitHub\\PIDRID\\controller\\controllerRID.js","statementMap":{"0":{"start":{"line":1,"column":12},"end":{"line":1,"column":45}},"1":{"start":{"line":3,"column":0},"end":{"line":11,"column":1}},"2":{"start":{"line":4,"column":13},"end":{"line":4,"column":26}},"3":{"start":{"line":5,"column":4},"end":{"line":9,"column":5}},"4":{"start":{"line":10,"column":4},"end":{"line":10,"column":36}}},"fnMap":{"0":{"name":"(anonymous_0)","decl":{"start":{"line":3,"column":16},"end":{"line":3,"column":17}},"loc":{"start":{"line":3,"column":41},"end":{"line":11,"column":1}},"line":3}},"branchMap":{},"s":{"0":1,"1":1,"2":1,"3":1,"4":1},"f":{"0":1},"b":{},"_coverageSchema":"1a1c01bbd47fc00a2c39e90264f33305004495a9","hash":"aa1b0b629c516b75b76ebfa83974011a93938962"}
,"C:\\Users\\Indformatica\\Documents\\GitHub\\PIDRID\\public\\model\\docente.js": {"path":"C:\\Users\\Indformatica\\Documents\\GitHub\\PIDRID\\public\\model\\docente.js","statementMap":{"0":{"start":{"line":4,"column":19},"end":{"line":4,"column":27}},"1":{"start":{"line":8,"column":12},"end":{"line":8,"column":17}},"2":{"start":{"line":11,"column":8},"end":{"line":11,"column":27}},"3":{"start":{"line":12,"column":8},"end":{"line":12,"column":35}},"4":{"start":{"line":13,"column":8},"end":{"line":13,"column":29}},"5":{"start":{"line":14,"column":8},"end":{"line":14,"column":29}},"6":{"start":{"line":15,"column":8},"end":{"line":15,"column":29}},"7":{"start":{"line":16,"column":8},"end":{"line":16,"column":33}},"8":{"start":{"line":17,"column":8},"end":{"line":17,"column":43}},"9":{"start":{"line":21,"column":8},"end":{"line":21,"column":26}},"10":{"start":{"line":25,"column":8},"end":{"line":26,"column":55}},"11":{"start":{"line":26,"column":12},"end":{"line":26,"column":55}},"12":{"start":{"line":27,"column":8},"end":{"line":28,"column":52}},"13":{"start":{"line":28,"column":12},"end":{"line":28,"column":52}},"14":{"start":{"line":30,"column":8},"end":{"line":30,"column":26}},"15":{"start":{"line":34,"column":8},"end":{"line":34,"column":34}},"16":{"start":{"line":38,"column":8},"end":{"line":39,"column":63}},"17":{"start":{"line":39,"column":12},"end":{"line":39,"column":63}},"18":{"start":{"line":40,"column":8},"end":{"line":41,"column":60}},"19":{"start":{"line":41,"column":12},"end":{"line":41,"column":60}},"20":{"start":{"line":42,"column":8},"end":{"line":42,"column":42}},"21":{"start":{"line":46,"column":8},"end":{"line":46,"column":30}},"22":{"start":{"line":50,"column":8},"end":{"line":51,"column":59}},"23":{"start":{"line":51,"column":12},"end":{"line":51,"column":59}},"24":{"start":{"line":52,"column":8},"end":{"line":53,"column":56}},"25":{"start":{"line":53,"column":12},"end":{"line":53,"column":56}},"26":{"start":{"line":54,"column":8},"end":{"line":54,"column":34}},"27":{"start":{"line":58,"column":8},"end":{"line":58,"column":27}},"28":{"start":{"line":62,"column":8},"end":{"line":63,"column":56}},"29":{"start":{"line":63,"column":12},"end":{"line":63,"column":56}},"30":{"start":{"line":64,"column":8},"end":{"line":65,"column":53}},"31":{"start":{"line":65,"column":12},"end":{"line":65,"column":53}},"32":{"start":{"line":66,"column":8},"end":{"line":66,"column":28}},"33":{"start":{"line":70,"column":8},"end":{"line":70,"column":27}},"34":{"start":{"line":74,"column":8},"end":{"line":75,"column":56}},"35":{"start":{"line":75,"column":12},"end":{"line":75,"column":56}},"36":{"start":{"line":76,"column":8},"end":{"line":77,"column":53}},"37":{"start":{"line":77,"column":12},"end":{"line":77,"column":53}},"38":{"start":{"line":78,"column":8},"end":{"line":78,"column":28}},"39":{"start":{"line":82,"column":8},"end":{"line":82,"column":27}},"40":{"start":{"line":86,"column":8},"end":{"line":87,"column":56}},"41":{"start":{"line":87,"column":12},"end":{"line":87,"column":56}},"42":{"start":{"line":88,"column":8},"end":{"line":89,"column":53}},"43":{"start":{"line":89,"column":12},"end":{"line":89,"column":53}},"44":{"start":{"line":90,"column":8},"end":{"line":90,"column":28}},"45":{"start":{"line":94,"column":8},"end":{"line":94,"column":29}},"46":{"start":{"line":98,"column":8},"end":{"line":99,"column":58}},"47":{"start":{"line":99,"column":12},"end":{"line":99,"column":58}},"48":{"start":{"line":100,"column":8},"end":{"line":101,"column":56}},"49":{"start":{"line":101,"column":12},"end":{"line":101,"column":56}},"50":{"start":{"line":102,"column":8},"end":{"line":102,"column":32}},"51":{"start":{"line":107,"column":0},"end":{"line":107,"column":25}}},"fnMap":{"0":{"name":"(anonymous_0)","decl":{"start":{"line":10,"column":4},"end":{"line":10,"column":5}},"loc":{"start":{"line":10,"column":95},"end":{"line":18,"column":5}},"line":10},"1":{"name":"(anonymous_1)","decl":{"start":{"line":20,"column":4},"end":{"line":20,"column":5}},"loc":{"start":{"line":20,"column":14},"end":{"line":22,"column":5}},"line":20},"2":{"name":"(anonymous_2)","decl":{"start":{"line":24,"column":4},"end":{"line":24,"column":5}},"loc":{"start":{"line":24,"column":18},"end":{"line":31,"column":5}},"line":24},"3":{"name":"(anonymous_3)","decl":{"start":{"line":33,"column":4},"end":{"line":33,"column":5}},"loc":{"start":{"line":33,"column":22},"end":{"line":35,"column":5}},"line":33},"4":{"name":"(anonymous_4)","decl":{"start":{"line":37,"column":4},"end":{"line":37,"column":5}},"loc":{"start":{"line":37,"column":34},"end":{"line":43,"column":5}},"line":37},"5":{"name":"(anonymous_5)","decl":{"start":{"line":45,"column":4},"end":{"line":45,"column":5}},"loc":{"start":{"line":45,"column":18},"end":{"line":47,"column":5}},"line":45},"6":{"name":"(anonymous_6)","decl":{"start":{"line":49,"column":4},"end":{"line":49,"column":5}},"loc":{"start":{"line":49,"column":26},"end":{"line":55,"column":5}},"line":49},"7":{"name":"(anonymous_7)","decl":{"start":{"line":57,"column":4},"end":{"line":57,"column":5}},"loc":{"start":{"line":57,"column":15},"end":{"line":59,"column":5}},"line":57},"8":{"name":"(anonymous_8)","decl":{"start":{"line":61,"column":4},"end":{"line":61,"column":5}},"loc":{"start":{"line":61,"column":20},"end":{"line":67,"column":5}},"line":61},"9":{"name":"(anonymous_9)","decl":{"start":{"line":69,"column":4},"end":{"line":69,"column":5}},"loc":{"start":{"line":69,"column":14},"end":{"line":71,"column":5}},"line":69},"10":{"name":"(anonymous_10)","decl":{"start":{"line":73,"column":4},"end":{"line":73,"column":5}},"loc":{"start":{"line":73,"column":19},"end":{"line":79,"column":5}},"line":73},"11":{"name":"(anonymous_11)","decl":{"start":{"line":81,"column":4},"end":{"line":81,"column":5}},"loc":{"start":{"line":81,"column":15},"end":{"line":83,"column":5}},"line":81},"12":{"name":"(anonymous_12)","decl":{"start":{"line":85,"column":4},"end":{"line":85,"column":5}},"loc":{"start":{"line":85,"column":20},"end":{"line":91,"column":5}},"line":85},"13":{"name":"(anonymous_13)","decl":{"start":{"line":93,"column":4},"end":{"line":93,"column":5}},"loc":{"start":{"line":93,"column":17},"end":{"line":95,"column":5}},"line":93},"14":{"name":"(anonymous_14)","decl":{"start":{"line":97,"column":4},"end":{"line":97,"column":5}},"loc":{"start":{"line":97,"column":24},"end":{"line":103,"column":5}},"line":97}},"branchMap":{"0":{"loc":{"start":{"line":10,"column":53},"end":{"line":10,"column":68}},"type":"default-arg","locations":[{"start":{"line":10,"column":63},"end":{"line":10,"column":68}}],"line":10},"1":{"loc":{"start":{"line":10,"column":70},"end":{"line":10,"column":93}},"type":"default-arg","locations":[{"start":{"line":10,"column":85},"end":{"line":10,"column":93}}],"line":10},"2":{"loc":{"start":{"line":25,"column":8},"end":{"line":26,"column":55}},"type":"if","locations":[{"start":{"line":25,"column":8},"end":{"line":26,"column":55}},{"start":{},"end":{}}],"line":25},"3":{"loc":{"start":{"line":25,"column":11},"end":{"line":25,"column":58}},"type":"binary-expr","locations":[{"start":{"line":25,"column":11},"end":{"line":25,"column":28}},{"start":{"line":25,"column":32},"end":{"line":25,"column":44}},{"start":{"line":25,"column":48},"end":{"line":25,"column":58}}],"line":25},"4":{"loc":{"start":{"line":27,"column":8},"end":{"line":28,"column":52}},"type":"if","locations":[{"start":{"line":27,"column":8},"end":{"line":28,"column":52}},{"start":{},"end":{}}],"line":27},"5":{"loc":{"start":{"line":38,"column":8},"end":{"line":39,"column":63}},"type":"if","locations":[{"start":{"line":38,"column":8},"end":{"line":39,"column":63}},{"start":{},"end":{}}],"line":38},"6":{"loc":{"start":{"line":38,"column":11},"end":{"line":38,"column":82}},"type":"binary-expr","locations":[{"start":{"line":38,"column":11},"end":{"line":38,"column":36}},{"start":{"line":38,"column":40},"end":{"line":38,"column":60}},{"start":{"line":38,"column":64},"end":{"line":38,"column":82}}],"line":38},"7":{"loc":{"start":{"line":40,"column":8},"end":{"line":41,"column":60}},"type":"if","locations":[{"start":{"line":40,"column":8},"end":{"line":41,"column":60}},{"start":{},"end":{}}],"line":40},"8":{"loc":{"start":{"line":50,"column":8},"end":{"line":51,"column":59}},"type":"if","locations":[{"start":{"line":50,"column":8},"end":{"line":51,"column":59}},{"start":{},"end":{}}],"line":50},"9":{"loc":{"start":{"line":50,"column":11},"end":{"line":50,"column":70}},"type":"binary-expr","locations":[{"start":{"line":50,"column":11},"end":{"line":50,"column":32}},{"start":{"line":50,"column":36},"end":{"line":50,"column":52}},{"start":{"line":50,"column":56},"end":{"line":50,"column":70}}],"line":50},"10":{"loc":{"start":{"line":52,"column":8},"end":{"line":53,"column":56}},"type":"if","locations":[{"start":{"line":52,"column":8},"end":{"line":53,"column":56}},{"start":{},"end":{}}],"line":52},"11":{"loc":{"start":{"line":62,"column":8},"end":{"line":63,"column":56}},"type":"if","locations":[{"start":{"line":62,"column":8},"end":{"line":63,"column":56}},{"start":{},"end":{}}],"line":62},"12":{"loc":{"start":{"line":62,"column":11},"end":{"line":62,"column":61}},"type":"binary-expr","locations":[{"start":{"line":62,"column":11},"end":{"line":62,"column":29}},{"start":{"line":62,"column":33},"end":{"line":62,"column":46}},{"start":{"line":62,"column":50},"end":{"line":62,"column":61}}],"line":62},"13":{"loc":{"start":{"line":64,"column":8},"end":{"line":65,"column":53}},"type":"if","locations":[{"start":{"line":64,"column":8},"end":{"line":65,"column":53}},{"start":{},"end":{}}],"line":64},"14":{"loc":{"start":{"line":74,"column":8},"end":{"line":75,"column":56}},"type":"if","locations":[{"start":{"line":74,"column":8},"end":{"line":75,"column":56}},{"start":{},"end":{}}],"line":74},"15":{"loc":{"start":{"line":74,"column":11},"end":{"line":74,"column":61}},"type":"binary-expr","locations":[{"start":{"line":74,"column":11},"end":{"line":74,"column":29}},{"start":{"line":74,"column":33},"end":{"line":74,"column":46}},{"start":{"line":74,"column":50},"end":{"line":74,"column":61}}],"line":74},"16":{"loc":{"start":{"line":76,"column":8},"end":{"line":77,"column":53}},"type":"if","locations":[{"start":{"line":76,"column":8},"end":{"line":77,"column":53}},{"start":{},"end":{}}],"line":76},"17":{"loc":{"start":{"line":86,"column":8},"end":{"line":87,"column":56}},"type":"if","locations":[{"start":{"line":86,"column":8},"end":{"line":87,"column":56}},{"start":{},"end":{}}],"line":86},"18":{"loc":{"start":{"line":86,"column":11},"end":{"line":86,"column":61}},"type":"binary-expr","locations":[{"start":{"line":86,"column":11},"end":{"line":86,"column":29}},{"start":{"line":86,"column":33},"end":{"line":86,"column":46}},{"start":{"line":86,"column":50},"end":{"line":86,"column":61}}],"line":86},"19":{"loc":{"start":{"line":88,"column":8},"end":{"line":89,"column":53}},"type":"if","locations":[{"start":{"line":88,"column":8},"end":{"line":89,"column":53}},{"start":{},"end":{}}],"line":88},"20":{"loc":{"start":{"line":98,"column":8},"end":{"line":99,"column":58}},"type":"if","locations":[{"start":{"line":98,"column":8},"end":{"line":99,"column":58}},{"start":{},"end":{}}],"line":98},"21":{"loc":{"start":{"line":100,"column":8},"end":{"line":101,"column":56}},"type":"if","locations":[{"start":{"line":100,"column":8},"end":{"line":101,"column":56}},{"start":{},"end":{}}],"line":100}},"s":{"0":18,"1":18,"2":18,"3":16,"4":14,"5":12,"6":10,"7":7,"8":7,"9":1,"10":18,"11":1,"12":17,"13":1,"14":16,"15":3,"16":8,"17":1,"18":7,"19":1,"20":6,"21":1,"22":16,"23":1,"24":15,"25":1,"26":14,"27":1,"28":14,"29":1,"30":13,"31":1,"32":12,"33":1,"34":12,"35":1,"36":11,"37":1,"38":10,"39":1,"40":10,"41":1,"42":9,"43":2,"44":7,"45":2,"46":12,"47":1,"48":11,"49":4,"50":7,"51":1},"f":{"0":18,"1":1,"2":18,"3":3,"4":8,"5":1,"6":16,"7":1,"8":14,"9":1,"10":12,"11":1,"12":10,"13":2,"14":12},"b":{"0":[12],"1":[13],"2":[1,17],"3":[18,18,18],"4":[1,16],"5":[1,7],"6":[8,7,7],"7":[1,6],"8":[1,15],"9":[16,15,15],"10":[1,14],"11":[1,13],"12":[14,13,13],"13":[1,12],"14":[1,11],"15":[12,11,11],"16":[1,10],"17":[1,9],"18":[10,9,9],"19":[2,7],"20":[1,11],"21":[4,7]},"_coverageSchema":"1a1c01bbd47fc00a2c39e90264f33305004495a9","hash":"77b244d8d0914ac59d8bcc3494b2af49820a03af"}
,"C:\\Users\\Indformatica\\Documents\\GitHub\\PIDRID\\public\\model\\pid.js": {"path":"C:\\Users\\Indformatica\\Documents\\GitHub\\PIDRID\\public\\model\\pid.js","statementMap":{"0":{"start":{"line":1,"column":0},"end":{"line":245,"column":1}},"1":{"start":{"line":3,"column":23},"end":{"line":3,"column":25}},"2":{"start":{"line":4,"column":19},"end":{"line":4,"column":21}},"3":{"start":{"line":5,"column":17},"end":{"line":5,"column":19}},"4":{"start":{"line":6,"column":19},"end":{"line":6,"column":21}},"5":{"start":{"line":7,"column":15},"end":{"line":7,"column":17}},"6":{"start":{"line":8,"column":24},"end":{"line":8,"column":26}},"7":{"start":{"line":9,"column":18},"end":{"line":9,"column":20}},"8":{"start":{"line":10,"column":20},"end":{"line":10,"column":22}},"9":{"start":{"line":13,"column":8},"end":{"line":14,"column":38}},"10":{"start":{"line":14,"column":12},"end":{"line":14,"column":38}},"11":{"start":{"line":15,"column":8},"end":{"line":16,"column":67}},"12":{"start":{"line":16,"column":12},"end":{"line":16,"column":67}},"13":{"start":{"line":17,"column":8},"end":{"line":17,"column":29}},"14":{"start":{"line":20,"column":8},"end":{"line":20,"column":106}},"15":{"start":{"line":21,"column":8},"end":{"line":21,"column":76}},"16":{"start":{"line":22,"column":8},"end":{"line":22,"column":71}},"17":{"start":{"line":23,"column":8},"end":{"line":23,"column":86}},"18":{"start":{"line":24,"column":8},"end":{"line":24,"column":70}},"19":{"start":{"line":27,"column":8},"end":{"line":27,"column":86}},"20":{"start":{"line":28,"column":8},"end":{"line":28,"column":96}},"21":{"start":{"line":29,"column":8},"end":{"line":29,"column":85}},"22":{"start":{"line":30,"column":8},"end":{"line":30,"column":88}},"23":{"start":{"line":31,"column":8},"end":{"line":31,"column":99}},"24":{"start":{"line":32,"column":8},"end":{"line":32,"column":97}},"25":{"start":{"line":33,"column":8},"end":{"line":33,"column":70}},"26":{"start":{"line":36,"column":8},"end":{"line":36,"column":53}},"27":{"start":{"line":37,"column":8},"end":{"line":37,"column":95}},"28":{"start":{"line":38,"column":8},"end":{"line":38,"column":51}},"29":{"start":{"line":39,"column":8},"end":{"line":39,"column":88}},"30":{"start":{"line":40,"column":8},"end":{"line":40,"column":76}},"31":{"start":{"line":41,"column":8},"end":{"line":41,"column":82}},"32":{"start":{"line":42,"column":8},"end":{"line":42,"column":102}},"33":{"start":{"line":45,"column":8},"end":{"line":45,"column":99}},"34":{"start":{"line":46,"column":8},"end":{"line":46,"column":104}},"35":{"start":{"line":47,"column":8},"end":{"line":47,"column":102}},"36":{"start":{"line":48,"column":8},"end":{"line":48,"column":150}},"37":{"start":{"line":49,"column":8},"end":{"line":49,"column":163}},"38":{"start":{"line":50,"column":8},"end":{"line":50,"column":108}},"39":{"start":{"line":51,"column":8},"end":{"line":51,"column":178}},"40":{"start":{"line":52,"column":8},"end":{"line":52,"column":134}},"41":{"start":{"line":53,"column":8},"end":{"line":53,"column":137}},"42":{"start":{"line":54,"column":8},"end":{"line":54,"column":178}},"43":{"start":{"line":55,"column":8},"end":{"line":55,"column":115}},"44":{"start":{"line":56,"column":8},"end":{"line":56,"column":132}},"45":{"start":{"line":57,"column":8},"end":{"line":57,"column":110}},"46":{"start":{"line":58,"column":8},"end":{"line":58,"column":132}},"47":{"start":{"line":59,"column":8},"end":{"line":59,"column":92}},"48":{"start":{"line":60,"column":8},"end":{"line":60,"column":112}},"49":{"start":{"line":61,"column":8},"end":{"line":61,"column":95}},"50":{"start":{"line":62,"column":8},"end":{"line":62,"column":98}},"51":{"start":{"line":63,"column":8},"end":{"line":63,"column":186}},"52":{"start":{"line":64,"column":8},"end":{"line":64,"column":145}},"53":{"start":{"line":65,"column":8},"end":{"line":65,"column":125}},"54":{"start":{"line":66,"column":8},"end":{"line":66,"column":160}},"55":{"start":{"line":67,"column":8},"end":{"line":67,"column":264}},"56":{"start":{"line":68,"column":8},"end":{"line":68,"column":137}},"57":{"start":{"line":69,"column":8},"end":{"line":69,"column":97}},"58":{"start":{"line":70,"column":8},"end":{"line":70,"column":112}},"59":{"start":{"line":73,"column":8},"end":{"line":73,"column":108}},"60":{"start":{"line":74,"column":8},"end":{"line":74,"column":73}},"61":{"start":{"line":75,"column":8},"end":{"line":75,"column":136}},"62":{"start":{"line":76,"column":8},"end":{"line":76,"column":173}},"63":{"start":{"line":77,"column":8},"end":{"line":77,"column":163}},"64":{"start":{"line":78,"column":8},"end":{"line":78,"column":117}},"65":{"start":{"line":79,"column":8},"end":{"line":79,"column":142}},"66":{"start":{"line":80,"column":8},"end":{"line":80,"column":130}},"67":{"start":{"line":81,"column":8},"end":{"line":81,"column":108}},"68":{"start":{"line":82,"column":8},"end":{"line":82,"column":82}},"69":{"start":{"line":83,"column":8},"end":{"line":83,"column":57}},"70":{"start":{"line":84,"column":8},"end":{"line":84,"column":130}},"71":{"start":{"line":85,"column":8},"end":{"line":85,"column":102}},"72":{"start":{"line":86,"column":8},"end":{"line":86,"column":121}},"73":{"start":{"line":87,"column":8},"end":{"line":87,"column":164}},"74":{"start":{"line":88,"column":8},"end":{"line":88,"column":162}},"75":{"start":{"line":89,"column":8},"end":{"line":89,"column":168}},"76":{"start":{"line":90,"column":8},"end":{"line":90,"column":198}},"77":{"start":{"line":91,"column":8},"end":{"line":91,"column":125}},"78":{"start":{"line":92,"column":8},"end":{"line":92,"column":66}},"79":{"start":{"line":95,"column":8},"end":{"line":95,"column":143}},"80":{"start":{"line":96,"column":8},"end":{"line":96,"column":72}},"81":{"start":{"line":97,"column":8},"end":{"line":97,"column":151}},"82":{"start":{"line":98,"column":8},"end":{"line":98,"column":144}},"83":{"start":{"line":99,"column":8},"end":{"line":99,"column":177}},"84":{"start":{"line":100,"column":8},"end":{"line":100,"column":188}},"85":{"start":{"line":101,"column":8},"end":{"line":101,"column":89}},"86":{"start":{"line":102,"column":8},"end":{"line":102,"column":139}},"87":{"start":{"line":103,"column":8},"end":{"line":103,"column":72}},"88":{"start":{"line":104,"column":8},"end":{"line":104,"column":140}},"89":{"start":{"line":105,"column":8},"end":{"line":105,"column":208}},"90":{"start":{"line":106,"column":8},"end":{"line":106,"column":122}},"91":{"start":{"line":109,"column":8},"end":{"line":109,"column":50}},"92":{"start":{"line":110,"column":8},"end":{"line":110,"column":54}},"93":{"start":{"line":111,"column":8},"end":{"line":111,"column":49}},"94":{"start":{"line":112,"column":8},"end":{"line":112,"column":50}},"95":{"start":{"line":113,"column":8},"end":{"line":113,"column":52}},"96":{"start":{"line":118,"column":8},"end":{"line":120,"column":9}},"97":{"start":{"line":119,"column":12},"end":{"line":119,"column":62}},"98":{"start":{"line":122,"column":19},"end":{"line":122,"column":53}},"99":{"start":{"line":124,"column":8},"end":{"line":126,"column":9}},"100":{"start":{"line":125,"column":12},"end":{"line":125,"column":88}},"101":{"start":{"line":128,"column":8},"end":{"line":130,"column":11}},"102":{"start":{"line":129,"column":12},"end":{"line":129,"column":54}},"103":{"start":{"line":134,"column":8},"end":{"line":136,"column":9}},"104":{"start":{"line":135,"column":12},"end":{"line":135,"column":62}},"105":{"start":{"line":138,"column":19},"end":{"line":138,"column":49}},"106":{"start":{"line":140,"column":8},"end":{"line":142,"column":9}},"107":{"start":{"line":141,"column":12},"end":{"line":141,"column":88}},"108":{"start":{"line":144,"column":8},"end":{"line":146,"column":11}},"109":{"start":{"line":145,"column":12},"end":{"line":145,"column":50}},"110":{"start":{"line":150,"column":8},"end":{"line":152,"column":9}},"111":{"start":{"line":151,"column":12},"end":{"line":151,"column":62}},"112":{"start":{"line":154,"column":19},"end":{"line":154,"column":47}},"113":{"start":{"line":156,"column":8},"end":{"line":158,"column":9}},"114":{"start":{"line":157,"column":12},"end":{"line":157,"column":88}},"115":{"start":{"line":160,"column":8},"end":{"line":162,"column":11}},"116":{"start":{"line":161,"column":12},"end":{"line":161,"column":48}},"117":{"start":{"line":166,"column":8},"end":{"line":168,"column":9}},"118":{"start":{"line":167,"column":12},"end":{"line":167,"column":62}},"119":{"start":{"line":170,"column":19},"end":{"line":170,"column":49}},"120":{"start":{"line":172,"column":8},"end":{"line":174,"column":9}},"121":{"start":{"line":173,"column":12},"end":{"line":173,"column":88}},"122":{"start":{"line":176,"column":8},"end":{"line":178,"column":11}},"123":{"start":{"line":177,"column":12},"end":{"line":177,"column":50}},"124":{"start":{"line":182,"column":8},"end":{"line":184,"column":9}},"125":{"start":{"line":183,"column":12},"end":{"line":183,"column":62}},"126":{"start":{"line":186,"column":19},"end":{"line":186,"column":45}},"127":{"start":{"line":188,"column":8},"end":{"line":190,"column":9}},"128":{"start":{"line":189,"column":12},"end":{"line":189,"column":88}},"129":{"start":{"line":192,"column":8},"end":{"line":194,"column":11}},"130":{"start":{"line":193,"column":12},"end":{"line":193,"column":46}},"131":{"start":{"line":198,"column":8},"end":{"line":200,"column":9}},"132":{"start":{"line":199,"column":12},"end":{"line":199,"column":62}},"133":{"start":{"line":202,"column":19},"end":{"line":202,"column":54}},"134":{"start":{"line":204,"column":8},"end":{"line":206,"column":9}},"135":{"start":{"line":205,"column":12},"end":{"line":205,"column":88}},"136":{"start":{"line":208,"column":8},"end":{"line":210,"column":11}},"137":{"start":{"line":209,"column":12},"end":{"line":209,"column":55}},"138":{"start":{"line":214,"column":8},"end":{"line":216,"column":9}},"139":{"start":{"line":215,"column":12},"end":{"line":215,"column":62}},"140":{"start":{"line":218,"column":19},"end":{"line":218,"column":48}},"141":{"start":{"line":220,"column":8},"end":{"line":222,"column":9}},"142":{"start":{"line":221,"column":12},"end":{"line":221,"column":88}},"143":{"start":{"line":224,"column":8},"end":{"line":226,"column":11}},"144":{"start":{"line":225,"column":12},"end":{"line":225,"column":49}},"145":{"start":{"line":230,"column":8},"end":{"line":231,"column":67}},"146":{"start":{"line":231,"column":12},"end":{"line":231,"column":67}},"147":{"start":{"line":233,"column":8},"end":{"line":233,"column":34}},"148":{"start":{"line":236,"column":28},"end":{"line":236,"column":57}},"149":{"start":{"line":237,"column":23},"end":{"line":237,"column":48}},"150":{"start":{"line":238,"column":22},"end":{"line":238,"column":45}},"151":{"start":{"line":239,"column":23},"end":{"line":239,"column":48}},"152":{"start":{"line":240,"column":20},"end":{"line":240,"column":41}},"153":{"start":{"line":241,"column":27},"end":{"line":241,"column":57}},"154":{"start":{"line":242,"column":22},"end":{"line":242,"column":46}},"155":{"start":{"line":243,"column":25},"end":{"line":243,"column":51}}},"fnMap":{"0":{"name":"(anonymous_0)","decl":{"start":{"line":12,"column":4},"end":{"line":12,"column":5}},"loc":{"start":{"line":12,"column":24},"end":{"line":115,"column":5}},"line":12},"1":{"name":"(anonymous_1)","decl":{"start":{"line":117,"column":4},"end":{"line":117,"column":5}},"loc":{"start":{"line":117,"column":31},"end":{"line":131,"column":5}},"line":117},"2":{"name":"(anonymous_2)","decl":{"start":{"line":128,"column":21},"end":{"line":128,"column":22}},"loc":{"start":{"line":128,"column":37},"end":{"line":130,"column":9}},"line":128},"3":{"name":"(anonymous_3)","decl":{"start":{"line":133,"column":4},"end":{"line":133,"column":5}},"loc":{"start":{"line":133,"column":28},"end":{"line":147,"column":5}},"line":133},"4":{"name":"(anonymous_4)","decl":{"start":{"line":144,"column":21},"end":{"line":144,"column":22}},"loc":{"start":{"line":144,"column":37},"end":{"line":146,"column":9}},"line":144},"5":{"name":"(anonymous_5)","decl":{"start":{"line":149,"column":4},"end":{"line":149,"column":5}},"loc":{"start":{"line":149,"column":25},"end":{"line":163,"column":5}},"line":149},"6":{"name":"(anonymous_6)","decl":{"start":{"line":160,"column":21},"end":{"line":160,"column":22}},"loc":{"start":{"line":160,"column":37},"end":{"line":162,"column":9}},"line":160},"7":{"name":"(anonymous_7)","decl":{"start":{"line":165,"column":4},"end":{"line":165,"column":5}},"loc":{"start":{"line":165,"column":26},"end":{"line":179,"column":5}},"line":165},"8":{"name":"(anonymous_8)","decl":{"start":{"line":176,"column":21},"end":{"line":176,"column":22}},"loc":{"start":{"line":176,"column":37},"end":{"line":178,"column":9}},"line":176},"9":{"name":"(anonymous_9)","decl":{"start":{"line":181,"column":4},"end":{"line":181,"column":5}},"loc":{"start":{"line":181,"column":23},"end":{"line":195,"column":5}},"line":181},"10":{"name":"(anonymous_10)","decl":{"start":{"line":192,"column":21},"end":{"line":192,"column":22}},"loc":{"start":{"line":192,"column":37},"end":{"line":194,"column":9}},"line":192},"11":{"name":"(anonymous_11)","decl":{"start":{"line":197,"column":4},"end":{"line":197,"column":5}},"loc":{"start":{"line":197,"column":30},"end":{"line":211,"column":5}},"line":197},"12":{"name":"(anonymous_12)","decl":{"start":{"line":208,"column":21},"end":{"line":208,"column":22}},"loc":{"start":{"line":208,"column":37},"end":{"line":210,"column":9}},"line":208},"13":{"name":"(anonymous_13)","decl":{"start":{"line":213,"column":4},"end":{"line":213,"column":5}},"loc":{"start":{"line":213,"column":25},"end":{"line":227,"column":5}},"line":213},"14":{"name":"(anonymous_14)","decl":{"start":{"line":224,"column":21},"end":{"line":224,"column":22}},"loc":{"start":{"line":224,"column":37},"end":{"line":226,"column":9}},"line":224},"15":{"name":"(anonymous_15)","decl":{"start":{"line":229,"column":4},"end":{"line":229,"column":5}},"loc":{"start":{"line":229,"column":27},"end":{"line":234,"column":5}},"line":229},"16":{"name":"(anonymous_16)","decl":{"start":{"line":236,"column":4},"end":{"line":236,"column":5}},"loc":{"start":{"line":236,"column":26},"end":{"line":236,"column":59}},"line":236},"17":{"name":"(anonymous_17)","decl":{"start":{"line":237,"column":4},"end":{"line":237,"column":5}},"loc":{"start":{"line":237,"column":21},"end":{"line":237,"column":50}},"line":237},"18":{"name":"(anonymous_18)","decl":{"start":{"line":238,"column":4},"end":{"line":238,"column":5}},"loc":{"start":{"line":238,"column":20},"end":{"line":238,"column":47}},"line":238},"19":{"name":"(anonymous_19)","decl":{"start":{"line":239,"column":4},"end":{"line":239,"column":5}},"loc":{"start":{"line":239,"column":21},"end":{"line":239,"column":50}},"line":239},"20":{"name":"(anonymous_20)","decl":{"start":{"line":240,"column":4},"end":{"line":240,"column":5}},"loc":{"start":{"line":240,"column":18},"end":{"line":240,"column":43}},"line":240},"21":{"name":"(anonymous_21)","decl":{"start":{"line":241,"column":4},"end":{"line":241,"column":5}},"loc":{"start":{"line":241,"column":25},"end":{"line":241,"column":59}},"line":241},"22":{"name":"(anonymous_22)","decl":{"start":{"line":242,"column":4},"end":{"line":242,"column":5}},"loc":{"start":{"line":242,"column":20},"end":{"line":242,"column":48}},"line":242},"23":{"name":"(anonymous_23)","decl":{"start":{"line":243,"column":4},"end":{"line":243,"column":5}},"loc":{"start":{"line":243,"column":23},"end":{"line":243,"column":53}},"line":243}},"branchMap":{"0":{"loc":{"start":{"line":13,"column":8},"end":{"line":14,"column":38}},"type":"if","locations":[{"start":{"line":13,"column":8},"end":{"line":14,"column":38}},{"start":{},"end":{}}],"line":13},"1":{"loc":{"start":{"line":15,"column":8},"end":{"line":16,"column":67}},"type":"if","locations":[{"start":{"line":15,"column":8},"end":{"line":16,"column":67}},{"start":{},"end":{}}],"line":15},"2":{"loc":{"start":{"line":118,"column":8},"end":{"line":120,"column":9}},"type":"if","locations":[{"start":{"line":118,"column":8},"end":{"line":120,"column":9}},{"start":{},"end":{}}],"line":118},"3":{"loc":{"start":{"line":124,"column":8},"end":{"line":126,"column":9}},"type":"if","locations":[{"start":{"line":124,"column":8},"end":{"line":126,"column":9}},{"start":{},"end":{}}],"line":124},"4":{"loc":{"start":{"line":134,"column":8},"end":{"line":136,"column":9}},"type":"if","locations":[{"start":{"line":134,"column":8},"end":{"line":136,"column":9}},{"start":{},"end":{}}],"line":134},"5":{"loc":{"start":{"line":140,"column":8},"end":{"line":142,"column":9}},"type":"if","locations":[{"start":{"line":140,"column":8},"end":{"line":142,"column":9}},{"start":{},"end":{}}],"line":140},"6":{"loc":{"start":{"line":150,"column":8},"end":{"line":152,"column":9}},"type":"if","locations":[{"start":{"line":150,"column":8},"end":{"line":152,"column":9}},{"start":{},"end":{}}],"line":150},"7":{"loc":{"start":{"line":156,"column":8},"end":{"line":158,"column":9}},"type":"if","locations":[{"start":{"line":156,"column":8},"end":{"line":158,"column":9}},{"start":{},"end":{}}],"line":156},"8":{"loc":{"start":{"line":166,"column":8},"end":{"line":168,"column":9}},"type":"if","locations":[{"start":{"line":166,"column":8},"end":{"line":168,"column":9}},{"start":{},"end":{}}],"line":166},"9":{"loc":{"start":{"line":172,"column":8},"end":{"line":174,"column":9}},"type":"if","locations":[{"start":{"line":172,"column":8},"end":{"line":174,"column":9}},{"start":{},"end":{}}],"line":172},"10":{"loc":{"start":{"line":182,"column":8},"end":{"line":184,"column":9}},"type":"if","locations":[{"start":{"line":182,"column":8},"end":{"line":184,"column":9}},{"start":{},"end":{}}],"line":182},"11":{"loc":{"start":{"line":188,"column":8},"end":{"line":190,"column":9}},"type":"if","locations":[{"start":{"line":188,"column":8},"end":{"line":190,"column":9}},{"start":{},"end":{}}],"line":188},"12":{"loc":{"start":{"line":198,"column":8},"end":{"line":200,"column":9}},"type":"if","locations":[{"start":{"line":198,"column":8},"end":{"line":200,"column":9}},{"start":{},"end":{}}],"line":198},"13":{"loc":{"start":{"line":204,"column":8},"end":{"line":206,"column":9}},"type":"if","locations":[{"start":{"line":204,"column":8},"end":{"line":206,"column":9}},{"start":{},"end":{}}],"line":204},"14":{"loc":{"start":{"line":214,"column":8},"end":{"line":216,"column":9}},"type":"if","locations":[{"start":{"line":214,"column":8},"end":{"line":216,"column":9}},{"start":{},"end":{}}],"line":214},"15":{"loc":{"start":{"line":220,"column":8},"end":{"line":222,"column":9}},"type":"if","locations":[{"start":{"line":220,"column":8},"end":{"line":222,"column":9}},{"start":{},"end":{}}],"line":220},"16":{"loc":{"start":{"line":230,"column":8},"end":{"line":231,"column":67}},"type":"if","locations":[{"start":{"line":230,"column":8},"end":{"line":231,"column":67}},{"start":{},"end":{}}],"line":230}},"s":{"0":2,"1":13,"2":13,"3":13,"4":13,"5":13,"6":13,"7":13,"8":13,"9":13,"10":1,"11":12,"12":3,"13":9,"14":9,"15":9,"16":9,"17":9,"18":9,"19":9,"20":9,"21":9,"22":9,"23":9,"24":9,"25":9,"26":9,"27":9,"28":9,"29":9,"30":9,"31":9,"32":9,"33":9,"34":9,"35":9,"36":9,"37":9,"38":9,"39":9,"40":9,"41":9,"42":9,"43":9,"44":9,"45":9,"46":9,"47":9,"48":9,"49":9,"50":9,"51":9,"52":9,"53":9,"54":9,"55":9,"56":9,"57":9,"58":9,"59":9,"60":9,"61":9,"62":9,"63":9,"64":9,"65":9,"66":9,"67":9,"68":9,"69":9,"70":9,"71":9,"72":9,"73":9,"74":9,"75":9,"76":9,"77":9,"78":9,"79":9,"80":9,"81":9,"82":9,"83":9,"84":9,"85":9,"86":9,"87":9,"88":9,"89":9,"90":9,"91":9,"92":9,"93":9,"94":9,"95":9,"96":5,"97":3,"98":2,"99":2,"100":1,"101":1,"102":5,"103":4,"104":2,"105":2,"106":2,"107":1,"108":1,"109":7,"110":3,"111":1,"112":2,"113":2,"114":1,"115":1,"116":7,"117":3,"118":1,"119":2,"120":2,"121":1,"122":1,"123":26,"124":3,"125":1,"126":2,"127":2,"128":1,"129":1,"130":20,"131":3,"132":1,"133":2,"134":2,"135":1,"136":1,"137":12,"138":3,"139":1,"140":2,"141":2,"142":1,"143":1,"144":5,"145":3,"146":3,"147":0,"148":0,"149":0,"150":0,"151":0,"152":0,"153":0,"154":0,"155":0},"f":{"0":13,"1":5,"2":5,"3":4,"4":7,"5":3,"6":7,"7":3,"8":26,"9":3,"10":20,"11":3,"12":12,"13":3,"14":5,"15":3,"16":0,"17":0,"18":0,"19":0,"20":0,"21":0,"22":0,"23":0},"b":{"0":[1,12],"1":[3,9],"2":[3,2],"3":[1,1],"4":[2,2],"5":[1,1],"6":[1,2],"7":[1,1],"8":[1,2],"9":[1,1],"10":[1,2],"11":[1,1],"12":[1,2],"13":[1,1],"14":[1,2],"15":[1,1],"16":[3,0]},"_coverageSchema":"1a1c01bbd47fc00a2c39e90264f33305004495a9","hash":"af4fc8f4373ab843ec113c3bee12c713bc7c1204"}
,"C:\\Users\\Indformatica\\Documents\\GitHub\\PIDRID\\public\\model\\rid.js": {"path":"C:\\Users\\Indformatica\\Documents\\GitHub\\PIDRID\\public\\model\\rid.js","statementMap":{"0":{"start":{"line":3,"column":23},"end":{"line":3,"column":25}},"1":{"start":{"line":4,"column":19},"end":{"line":4,"column":21}},"2":{"start":{"line":5,"column":17},"end":{"line":5,"column":19}},"3":{"start":{"line":6,"column":19},"end":{"line":6,"column":21}},"4":{"start":{"line":7,"column":15},"end":{"line":7,"column":17}},"5":{"start":{"line":8,"column":24},"end":{"line":8,"column":26}},"6":{"start":{"line":9,"column":18},"end":{"line":9,"column":20}},"7":{"start":{"line":10,"column":20},"end":{"line":10,"column":22}},"8":{"start":{"line":13,"column":8},"end":{"line":14,"column":38}},"9":{"start":{"line":14,"column":12},"end":{"line":14,"column":38}},"10":{"start":{"line":15,"column":8},"end":{"line":16,"column":67}},"11":{"start":{"line":16,"column":12},"end":{"line":16,"column":67}},"12":{"start":{"line":17,"column":8},"end":{"line":17,"column":29}},"13":{"start":{"line":19,"column":8},"end":{"line":19,"column":106}},"14":{"start":{"line":20,"column":8},"end":{"line":20,"column":76}},"15":{"start":{"line":21,"column":8},"end":{"line":21,"column":71}},"16":{"start":{"line":22,"column":8},"end":{"line":22,"column":86}},"17":{"start":{"line":23,"column":8},"end":{"line":23,"column":70}},"18":{"start":{"line":26,"column":8},"end":{"line":26,"column":86}},"19":{"start":{"line":27,"column":8},"end":{"line":27,"column":96}},"20":{"start":{"line":28,"column":8},"end":{"line":28,"column":85}},"21":{"start":{"line":29,"column":8},"end":{"line":29,"column":88}},"22":{"start":{"line":30,"column":8},"end":{"line":30,"column":99}},"23":{"start":{"line":31,"column":8},"end":{"line":31,"column":97}},"24":{"start":{"line":32,"column":8},"end":{"line":32,"column":70}},"25":{"start":{"line":35,"column":8},"end":{"line":35,"column":53}},"26":{"start":{"line":36,"column":8},"end":{"line":36,"column":95}},"27":{"start":{"line":37,"column":8},"end":{"line":37,"column":51}},"28":{"start":{"line":38,"column":8},"end":{"line":38,"column":88}},"29":{"start":{"line":39,"column":8},"end":{"line":39,"column":76}},"30":{"start":{"line":40,"column":8},"end":{"line":40,"column":82}},"31":{"start":{"line":41,"column":8},"end":{"line":41,"column":102}},"32":{"start":{"line":44,"column":8},"end":{"line":44,"column":99}},"33":{"start":{"line":45,"column":8},"end":{"line":45,"column":104}},"34":{"start":{"line":46,"column":8},"end":{"line":46,"column":102}},"35":{"start":{"line":47,"column":8},"end":{"line":47,"column":150}},"36":{"start":{"line":48,"column":8},"end":{"line":48,"column":163}},"37":{"start":{"line":49,"column":8},"end":{"line":49,"column":108}},"38":{"start":{"line":50,"column":8},"end":{"line":50,"column":178}},"39":{"start":{"line":51,"column":8},"end":{"line":51,"column":134}},"40":{"start":{"line":52,"column":8},"end":{"line":52,"column":137}},"41":{"start":{"line":53,"column":8},"end":{"line":53,"column":178}},"42":{"start":{"line":54,"column":8},"end":{"line":54,"column":115}},"43":{"start":{"line":55,"column":8},"end":{"line":55,"column":132}},"44":{"start":{"line":56,"column":8},"end":{"line":56,"column":110}},"45":{"start":{"line":57,"column":8},"end":{"line":57,"column":132}},"46":{"start":{"line":58,"column":8},"end":{"line":58,"column":92}},"47":{"start":{"line":59,"column":8},"end":{"line":59,"column":112}},"48":{"start":{"line":60,"column":8},"end":{"line":60,"column":95}},"49":{"start":{"line":61,"column":8},"end":{"line":61,"column":98}},"50":{"start":{"line":62,"column":8},"end":{"line":62,"column":186}},"51":{"start":{"line":63,"column":8},"end":{"line":63,"column":145}},"52":{"start":{"line":64,"column":8},"end":{"line":64,"column":125}},"53":{"start":{"line":65,"column":8},"end":{"line":65,"column":160}},"54":{"start":{"line":66,"column":8},"end":{"line":66,"column":264}},"55":{"start":{"line":67,"column":8},"end":{"line":67,"column":137}},"56":{"start":{"line":68,"column":8},"end":{"line":68,"column":97}},"57":{"start":{"line":69,"column":8},"end":{"line":69,"column":112}},"58":{"start":{"line":72,"column":8},"end":{"line":72,"column":108}},"59":{"start":{"line":73,"column":8},"end":{"line":73,"column":73}},"60":{"start":{"line":74,"column":8},"end":{"line":74,"column":136}},"61":{"start":{"line":75,"column":8},"end":{"line":75,"column":173}},"62":{"start":{"line":76,"column":8},"end":{"line":76,"column":163}},"63":{"start":{"line":77,"column":8},"end":{"line":77,"column":117}},"64":{"start":{"line":78,"column":8},"end":{"line":78,"column":142}},"65":{"start":{"line":79,"column":8},"end":{"line":79,"column":130}},"66":{"start":{"line":80,"column":8},"end":{"line":80,"column":108}},"67":{"start":{"line":81,"column":8},"end":{"line":81,"column":82}},"68":{"start":{"line":82,"column":8},"end":{"line":82,"column":57}},"69":{"start":{"line":83,"column":8},"end":{"line":83,"column":130}},"70":{"start":{"line":84,"column":8},"end":{"line":84,"column":102}},"71":{"start":{"line":85,"column":8},"end":{"line":85,"column":121}},"72":{"start":{"line":86,"column":8},"end":{"line":86,"column":164}},"73":{"start":{"line":87,"column":8},"end":{"line":87,"column":162}},"74":{"start":{"line":88,"column":8},"end":{"line":88,"column":168}},"75":{"start":{"line":89,"column":8},"end":{"line":89,"column":198}},"76":{"start":{"line":90,"column":8},"end":{"line":90,"column":125}},"77":{"start":{"line":91,"column":8},"end":{"line":91,"column":66}},"78":{"start":{"line":94,"column":8},"end":{"line":94,"column":143}},"79":{"start":{"line":95,"column":8},"end":{"line":95,"column":72}},"80":{"start":{"line":96,"column":8},"end":{"line":96,"column":151}},"81":{"start":{"line":97,"column":8},"end":{"line":97,"column":144}},"82":{"start":{"line":98,"column":8},"end":{"line":98,"column":177}},"83":{"start":{"line":99,"column":8},"end":{"line":99,"column":188}},"84":{"start":{"line":100,"column":8},"end":{"line":100,"column":89}},"85":{"start":{"line":101,"column":8},"end":{"line":101,"column":139}},"86":{"start":{"line":102,"column":8},"end":{"line":102,"column":72}},"87":{"start":{"line":103,"column":8},"end":{"line":103,"column":140}},"88":{"start":{"line":104,"column":8},"end":{"line":104,"column":208}},"89":{"start":{"line":105,"column":8},"end":{"line":105,"column":122}},"90":{"start":{"line":108,"column":8},"end":{"line":108,"column":50}},"91":{"start":{"line":109,"column":8},"end":{"line":109,"column":54}},"92":{"start":{"line":110,"column":8},"end":{"line":110,"column":49}},"93":{"start":{"line":111,"column":8},"end":{"line":111,"column":50}},"94":{"start":{"line":112,"column":8},"end":{"line":112,"column":52}},"95":{"start":{"line":117,"column":8},"end":{"line":120,"column":9}},"96":{"start":{"line":118,"column":12},"end":{"line":118,"column":62}},"97":{"start":{"line":122,"column":19},"end":{"line":122,"column":53}},"98":{"start":{"line":124,"column":8},"end":{"line":126,"column":9}},"99":{"start":{"line":125,"column":12},"end":{"line":125,"column":88}},"100":{"start":{"line":128,"column":8},"end":{"line":130,"column":11}},"101":{"start":{"line":129,"column":12},"end":{"line":129,"column":54}},"102":{"start":{"line":134,"column":8},"end":{"line":136,"column":9}},"103":{"start":{"line":135,"column":12},"end":{"line":135,"column":62}},"104":{"start":{"line":138,"column":19},"end":{"line":138,"column":49}},"105":{"start":{"line":140,"column":8},"end":{"line":142,"column":9}},"106":{"start":{"line":141,"column":12},"end":{"line":141,"column":88}},"107":{"start":{"line":144,"column":8},"end":{"line":146,"column":11}},"108":{"start":{"line":145,"column":12},"end":{"line":145,"column":50}},"109":{"start":{"line":150,"column":8},"end":{"line":152,"column":9}},"110":{"start":{"line":151,"column":12},"end":{"line":151,"column":62}},"111":{"start":{"line":154,"column":19},"end":{"line":154,"column":47}},"112":{"start":{"line":156,"column":8},"end":{"line":158,"column":9}},"113":{"start":{"line":157,"column":12},"end":{"line":157,"column":88}},"114":{"start":{"line":160,"column":8},"end":{"line":162,"column":11}},"115":{"start":{"line":161,"column":12},"end":{"line":161,"column":48}},"116":{"start":{"line":166,"column":8},"end":{"line":168,"column":9}},"117":{"start":{"line":167,"column":12},"end":{"line":167,"column":62}},"118":{"start":{"line":170,"column":19},"end":{"line":170,"column":49}},"119":{"start":{"line":172,"column":8},"end":{"line":174,"column":9}},"120":{"start":{"line":173,"column":12},"end":{"line":173,"column":88}},"121":{"start":{"line":176,"column":8},"end":{"line":178,"column":11}},"122":{"start":{"line":177,"column":12},"end":{"line":177,"column":50}},"123":{"start":{"line":182,"column":8},"end":{"line":184,"column":9}},"124":{"start":{"line":183,"column":12},"end":{"line":183,"column":62}},"125":{"start":{"line":186,"column":19},"end":{"line":186,"column":45}},"126":{"start":{"line":188,"column":8},"end":{"line":190,"column":9}},"127":{"start":{"line":189,"column":12},"end":{"line":189,"column":88}},"128":{"start":{"line":192,"column":8},"end":{"line":194,"column":11}},"129":{"start":{"line":193,"column":12},"end":{"line":193,"column":46}},"130":{"start":{"line":198,"column":8},"end":{"line":200,"column":9}},"131":{"start":{"line":199,"column":12},"end":{"line":199,"column":62}},"132":{"start":{"line":202,"column":19},"end":{"line":202,"column":54}},"133":{"start":{"line":204,"column":8},"end":{"line":206,"column":9}},"134":{"start":{"line":205,"column":12},"end":{"line":205,"column":88}},"135":{"start":{"line":208,"column":8},"end":{"line":210,"column":11}},"136":{"start":{"line":209,"column":12},"end":{"line":209,"column":55}},"137":{"start":{"line":214,"column":8},"end":{"line":216,"column":9}},"138":{"start":{"line":215,"column":12},"end":{"line":215,"column":62}},"139":{"start":{"line":218,"column":19},"end":{"line":218,"column":48}},"140":{"start":{"line":220,"column":8},"end":{"line":222,"column":9}},"141":{"start":{"line":221,"column":12},"end":{"line":221,"column":88}},"142":{"start":{"line":224,"column":8},"end":{"line":226,"column":11}},"143":{"start":{"line":225,"column":12},"end":{"line":225,"column":49}},"144":{"start":{"line":230,"column":8},"end":{"line":231,"column":67}},"145":{"start":{"line":231,"column":12},"end":{"line":231,"column":67}},"146":{"start":{"line":233,"column":8},"end":{"line":233,"column":34}},"147":{"start":{"line":236,"column":28},"end":{"line":236,"column":57}},"148":{"start":{"line":237,"column":23},"end":{"line":237,"column":48}},"149":{"start":{"line":238,"column":22},"end":{"line":238,"column":45}},"150":{"start":{"line":239,"column":23},"end":{"line":239,"column":48}},"151":{"start":{"line":240,"column":20},"end":{"line":240,"column":41}},"152":{"start":{"line":241,"column":27},"end":{"line":241,"column":57}},"153":{"start":{"line":242,"column":22},"end":{"line":242,"column":46}},"154":{"start":{"line":243,"column":25},"end":{"line":243,"column":51}},"155":{"start":{"line":248,"column":0},"end":{"line":248,"column":21}}},"fnMap":{"0":{"name":"(anonymous_0)","decl":{"start":{"line":12,"column":4},"end":{"line":12,"column":5}},"loc":{"start":{"line":12,"column":24},"end":{"line":114,"column":5}},"line":12},"1":{"name":"(anonymous_1)","decl":{"start":{"line":116,"column":4},"end":{"line":116,"column":5}},"loc":{"start":{"line":116,"column":31},"end":{"line":131,"column":5}},"line":116},"2":{"name":"(anonymous_2)","decl":{"start":{"line":128,"column":21},"end":{"line":128,"column":22}},"loc":{"start":{"line":128,"column":37},"end":{"line":130,"column":9}},"line":128},"3":{"name":"(anonymous_3)","decl":{"start":{"line":133,"column":4},"end":{"line":133,"column":5}},"loc":{"start":{"line":133,"column":28},"end":{"line":147,"column":5}},"line":133},"4":{"name":"(anonymous_4)","decl":{"start":{"line":144,"column":21},"end":{"line":144,"column":22}},"loc":{"start":{"line":144,"column":37},"end":{"line":146,"column":9}},"line":144},"5":{"name":"(anonymous_5)","decl":{"start":{"line":149,"column":4},"end":{"line":149,"column":5}},"loc":{"start":{"line":149,"column":25},"end":{"line":163,"column":5}},"line":149},"6":{"name":"(anonymous_6)","decl":{"start":{"line":160,"column":21},"end":{"line":160,"column":22}},"loc":{"start":{"line":160,"column":37},"end":{"line":162,"column":9}},"line":160},"7":{"name":"(anonymous_7)","decl":{"start":{"line":165,"column":4},"end":{"line":165,"column":5}},"loc":{"start":{"line":165,"column":26},"end":{"line":179,"column":5}},"line":165},"8":{"name":"(anonymous_8)","decl":{"start":{"line":176,"column":21},"end":{"line":176,"column":22}},"loc":{"start":{"line":176,"column":37},"end":{"line":178,"column":9}},"line":176},"9":{"name":"(anonymous_9)","decl":{"start":{"line":181,"column":4},"end":{"line":181,"column":5}},"loc":{"start":{"line":181,"column":23},"end":{"line":195,"column":5}},"line":181},"10":{"name":"(anonymous_10)","decl":{"start":{"line":192,"column":21},"end":{"line":192,"column":22}},"loc":{"start":{"line":192,"column":37},"end":{"line":194,"column":9}},"line":192},"11":{"name":"(anonymous_11)","decl":{"start":{"line":197,"column":4},"end":{"line":197,"column":5}},"loc":{"start":{"line":197,"column":30},"end":{"line":211,"column":5}},"line":197},"12":{"name":"(anonymous_12)","decl":{"start":{"line":208,"column":21},"end":{"line":208,"column":22}},"loc":{"start":{"line":208,"column":37},"end":{"line":210,"column":9}},"line":208},"13":{"name":"(anonymous_13)","decl":{"start":{"line":213,"column":4},"end":{"line":213,"column":5}},"loc":{"start":{"line":213,"column":25},"end":{"line":227,"column":5}},"line":213},"14":{"name":"(anonymous_14)","decl":{"start":{"line":224,"column":21},"end":{"line":224,"column":22}},"loc":{"start":{"line":224,"column":37},"end":{"line":226,"column":9}},"line":224},"15":{"name":"(anonymous_15)","decl":{"start":{"line":229,"column":4},"end":{"line":229,"column":5}},"loc":{"start":{"line":229,"column":27},"end":{"line":234,"column":5}},"line":229},"16":{"name":"(anonymous_16)","decl":{"start":{"line":236,"column":4},"end":{"line":236,"column":5}},"loc":{"start":{"line":236,"column":26},"end":{"line":236,"column":59}},"line":236},"17":{"name":"(anonymous_17)","decl":{"start":{"line":237,"column":4},"end":{"line":237,"column":5}},"loc":{"start":{"line":237,"column":21},"end":{"line":237,"column":50}},"line":237},"18":{"name":"(anonymous_18)","decl":{"start":{"line":238,"column":4},"end":{"line":238,"column":5}},"loc":{"start":{"line":238,"column":20},"end":{"line":238,"column":47}},"line":238},"19":{"name":"(anonymous_19)","decl":{"start":{"line":239,"column":4},"end":{"line":239,"column":5}},"loc":{"start":{"line":239,"column":21},"end":{"line":239,"column":50}},"line":239},"20":{"name":"(anonymous_20)","decl":{"start":{"line":240,"column":4},"end":{"line":240,"column":5}},"loc":{"start":{"line":240,"column":18},"end":{"line":240,"column":43}},"line":240},"21":{"name":"(anonymous_21)","decl":{"start":{"line":241,"column":4},"end":{"line":241,"column":5}},"loc":{"start":{"line":241,"column":25},"end":{"line":241,"column":59}},"line":241},"22":{"name":"(anonymous_22)","decl":{"start":{"line":242,"column":4},"end":{"line":242,"column":5}},"loc":{"start":{"line":242,"column":20},"end":{"line":242,"column":48}},"line":242},"23":{"name":"(anonymous_23)","decl":{"start":{"line":243,"column":4},"end":{"line":243,"column":5}},"loc":{"start":{"line":243,"column":23},"end":{"line":243,"column":53}},"line":243}},"branchMap":{"0":{"loc":{"start":{"line":13,"column":8},"end":{"line":14,"column":38}},"type":"if","locations":[{"start":{"line":13,"column":8},"end":{"line":14,"column":38}},{"start":{},"end":{}}],"line":13},"1":{"loc":{"start":{"line":15,"column":8},"end":{"line":16,"column":67}},"type":"if","locations":[{"start":{"line":15,"column":8},"end":{"line":16,"column":67}},{"start":{},"end":{}}],"line":15},"2":{"loc":{"start":{"line":117,"column":8},"end":{"line":120,"column":9}},"type":"if","locations":[{"start":{"line":117,"column":8},"end":{"line":120,"column":9}},{"start":{},"end":{}}],"line":117},"3":{"loc":{"start":{"line":124,"column":8},"end":{"line":126,"column":9}},"type":"if","locations":[{"start":{"line":124,"column":8},"end":{"line":126,"column":9}},{"start":{},"end":{}}],"line":124},"4":{"loc":{"start":{"line":134,"column":8},"end":{"line":136,"column":9}},"type":"if","locations":[{"start":{"line":134,"column":8},"end":{"line":136,"column":9}},{"start":{},"end":{}}],"line":134},"5":{"loc":{"start":{"line":140,"column":8},"end":{"line":142,"column":9}},"type":"if","locations":[{"start":{"line":140,"column":8},"end":{"line":142,"column":9}},{"start":{},"end":{}}],"line":140},"6":{"loc":{"start":{"line":150,"column":8},"end":{"line":152,"column":9}},"type":"if","locations":[{"start":{"line":150,"column":8},"end":{"line":152,"column":9}},{"start":{},"end":{}}],"line":150},"7":{"loc":{"start":{"line":156,"column":8},"end":{"line":158,"column":9}},"type":"if","locations":[{"start":{"line":156,"column":8},"end":{"line":158,"column":9}},{"start":{},"end":{}}],"line":156},"8":{"loc":{"start":{"line":166,"column":8},"end":{"line":168,"column":9}},"type":"if","locations":[{"start":{"line":166,"column":8},"end":{"line":168,"column":9}},{"start":{},"end":{}}],"line":166},"9":{"loc":{"start":{"line":172,"column":8},"end":{"line":174,"column":9}},"type":"if","locations":[{"start":{"line":172,"column":8},"end":{"line":174,"column":9}},{"start":{},"end":{}}],"line":172},"10":{"loc":{"start":{"line":182,"column":8},"end":{"line":184,"column":9}},"type":"if","locations":[{"start":{"line":182,"column":8},"end":{"line":184,"column":9}},{"start":{},"end":{}}],"line":182},"11":{"loc":{"start":{"line":188,"column":8},"end":{"line":190,"column":9}},"type":"if","locations":[{"start":{"line":188,"column":8},"end":{"line":190,"column":9}},{"start":{},"end":{}}],"line":188},"12":{"loc":{"start":{"line":198,"column":8},"end":{"line":200,"column":9}},"type":"if","locations":[{"start":{"line":198,"column":8},"end":{"line":200,"column":9}},{"start":{},"end":{}}],"line":198},"13":{"loc":{"start":{"line":204,"column":8},"end":{"line":206,"column":9}},"type":"if","locations":[{"start":{"line":204,"column":8},"end":{"line":206,"column":9}},{"start":{},"end":{}}],"line":204},"14":{"loc":{"start":{"line":214,"column":8},"end":{"line":216,"column":9}},"type":"if","locations":[{"start":{"line":214,"column":8},"end":{"line":216,"column":9}},{"start":{},"end":{}}],"line":214},"15":{"loc":{"start":{"line":220,"column":8},"end":{"line":222,"column":9}},"type":"if","locations":[{"start":{"line":220,"column":8},"end":{"line":222,"column":9}},{"start":{},"end":{}}],"line":220},"16":{"loc":{"start":{"line":230,"column":8},"end":{"line":231,"column":67}},"type":"if","locations":[{"start":{"line":230,"column":8},"end":{"line":231,"column":67}},{"start":{},"end":{}}],"line":230}},"s":{"0":13,"1":13,"2":13,"3":13,"4":13,"5":13,"6":13,"7":13,"8":13,"9":1,"10":12,"11":3,"12":9,"13":9,"14":9,"15":9,"16":9,"17":9,"18":9,"19":9,"20":9,"21":9,"22":9,"23":9,"24":9,"25":9,"26":9,"27":9,"28":9,"29":9,"30":9,"31":9,"32":9,"33":9,"34":9,"35":9,"36":9,"37":9,"38":9,"39":9,"40":9,"41":9,"42":9,"43":9,"44":9,"45":9,"46":9,"47":9,"48":9,"49":9,"50":9,"51":9,"52":9,"53":9,"54":9,"55":9,"56":9,"57":9,"58":9,"59":9,"60":9,"61":9,"62":9,"63":9,"64":9,"65":9,"66":9,"67":9,"68":9,"69":9,"70":9,"71":9,"72":9,"73":9,"74":9,"75":9,"76":9,"77":9,"78":9,"79":9,"80":9,"81":9,"82":9,"83":9,"84":9,"85":9,"86":9,"87":9,"88":9,"89":9,"90":9,"91":9,"92":9,"93":9,"94":9,"95":5,"96":3,"97":2,"98":2,"99":1,"100":1,"101":5,"102":4,"103":2,"104":2,"105":2,"106":1,"107":1,"108":7,"109":3,"110":1,"111":2,"112":2,"113":1,"114":1,"115":7,"116":3,"117":1,"118":2,"119":2,"120":1,"121":1,"122":26,"123":3,"124":1,"125":2,"126":2,"127":1,"128":1,"129":20,"130":3,"131":1,"132":2,"133":2,"134":1,"135":1,"136":12,"137":3,"138":1,"139":2,"140":2,"141":1,"142":1,"143":5,"144":3,"145":3,"146":0,"147":0,"148":0,"149":0,"150":0,"151":0,"152":0,"153":0,"154":0,"155":1},"f":{"0":13,"1":5,"2":5,"3":4,"4":7,"5":3,"6":7,"7":3,"8":26,"9":3,"10":20,"11":3,"12":12,"13":3,"14":5,"15":3,"16":0,"17":0,"18":0,"19":0,"20":0,"21":0,"22":0,"23":0},"b":{"0":[1,12],"1":[3,9],"2":[3,2],"3":[1,1],"4":[2,2],"5":[1,1],"6":[1,2],"7":[1,1],"8":[1,2],"9":[1,1],"10":[1,2],"11":[1,1],"12":[1,2],"13":[1,1],"14":[1,2],"15":[1,1],"16":[3,0]},"_coverageSchema":"1a1c01bbd47fc00a2c39e90264f33305004495a9","hash":"c5c48a88bffaa27b63ad7495f1b8a83122e1d485"}
}
