TN:
SF:controller\controllerDocente.js
FN:5,(anonymous_0)
FN:14,(anonymous_1)
FN:28,(anonymous_2)
FNF:3
FNH:3
FNDA:1,(anonymous_0)
FNDA:1,(anonymous_1)
FNDA:2,(anonymous_2)
DA:3,1
DA:5,1
DA:8,1
DA:11,1
DA:14,1
DA:16,1
DA:17,1
DA:18,1
DA:19,1
DA:20,1
DA:21,1
DA:23,1
DA:25,1
DA:28,1
DA:29,2
DA:30,2
DA:32,2
DA:36,2
DA:37,1
DA:41,1
DA:43,1
DA:46,1
LF:22
LH:22
BRDA:36,0,0,1
BRDA:36,0,1,1
BRF:2
BRH:2
end_of_record
TN:
SF:controller\controllerIndex.js
FN:5,(anonymous_0)
FN:12,(anonymous_1)
FNF:2
FNH:2
FNDA:1,(anonymous_0)
FNDA:1,(anonymous_1)
DA:1,1
DA:5,1
DA:6,1
DA:9,1
DA:12,1
DA:17,1
DA:18,1
LF:7
LH:7
BRF:0
BRH:0
end_of_record
TN:
SF:controller\controllerRID.js
FN:3,(anonymous_0)
FNF:1
FNH:1
FNDA:1,(anonymous_0)
DA:1,1
DA:3,1
DA:4,1
DA:5,1
DA:10,1
LF:5
LH:5
BRF:0
BRH:0
end_of_record
TN:
SF:public\model\docente.js
FN:10,(anonymous_0)
FN:20,(anonymous_1)
FN:24,(anonymous_2)
FN:33,(anonymous_3)
FN:37,(anonymous_4)
FN:45,(anonymous_5)
FN:49,(anonymous_6)
FN:57,(anonymous_7)
FN:61,(anonymous_8)
FN:69,(anonymous_9)
FN:73,(anonymous_10)
FN:81,(anonymous_11)
FN:85,(anonymous_12)
FN:93,(anonymous_13)
FN:97,(anonymous_14)
FNF:15
FNH:15
FNDA:18,(anonymous_0)
FNDA:1,(anonymous_1)
FNDA:18,(anonymous_2)
FNDA:3,(anonymous_3)
FNDA:8,(anonymous_4)
FNDA:1,(anonymous_5)
FNDA:16,(anonymous_6)
FNDA:1,(anonymous_7)
FNDA:14,(anonymous_8)
FNDA:1,(anonymous_9)
FNDA:12,(anonymous_10)
FNDA:1,(anonymous_11)
FNDA:10,(anonymous_12)
FNDA:2,(anonymous_13)
FNDA:12,(anonymous_14)
DA:4,18
DA:8,18
DA:11,18
DA:12,16
DA:13,14
DA:14,12
DA:15,10
DA:16,7
DA:17,7
DA:21,1
DA:25,18
DA:26,1
DA:27,17
DA:28,1
DA:30,16
DA:34,3
DA:38,8
DA:39,1
DA:40,7
DA:41,1
DA:42,6
DA:46,1
DA:50,16
DA:51,1
DA:52,15
DA:53,1
DA:54,14
DA:58,1
DA:62,14
DA:63,1
DA:64,13
DA:65,1
DA:66,12
DA:70,1
DA:74,12
DA:75,1
DA:76,11
DA:77,1
DA:78,10
DA:82,1
DA:86,10
DA:87,1
DA:88,9
DA:89,2
DA:90,7
DA:94,2
DA:98,12
DA:99,1
DA:100,11
DA:101,4
DA:102,7
DA:107,1
LF:52
LH:52
BRDA:10,0,0,12
BRDA:10,1,0,13
BRDA:25,2,0,1
BRDA:25,2,1,17
BRDA:25,3,0,18
BRDA:25,3,1,18
BRDA:25,3,2,18
BRDA:27,4,0,1
BRDA:27,4,1,16
BRDA:38,5,0,1
BRDA:38,5,1,7
BRDA:38,6,0,8
BRDA:38,6,1,7
BRDA:38,6,2,7
BRDA:40,7,0,1
BRDA:40,7,1,6
BRDA:50,8,0,1
BRDA:50,8,1,15
BRDA:50,9,0,16
BRDA:50,9,1,15
BRDA:50,9,2,15
BRDA:52,10,0,1
BRDA:52,10,1,14
BRDA:62,11,0,1
BRDA:62,11,1,13
BRDA:62,12,0,14
BRDA:62,12,1,13
BRDA:62,12,2,13
BRDA:64,13,0,1
BRDA:64,13,1,12
BRDA:74,14,0,1
BRDA:74,14,1,11
BRDA:74,15,0,12
BRDA:74,15,1,11
BRDA:74,15,2,11
BRDA:76,16,0,1
BRDA:76,16,1,10
BRDA:86,17,0,1
BRDA:86,17,1,9
BRDA:86,18,0,10
BRDA:86,18,1,9
BRDA:86,18,2,9
BRDA:88,19,0,2
BRDA:88,19,1,7
BRDA:98,20,0,1
BRDA:98,20,1,11
BRDA:100,21,0,4
BRDA:100,21,1,7
BRF:48
BRH:48
end_of_record
TN:
SF:public\model\pid.js
FN:12,(anonymous_0)
FN:117,(anonymous_1)
FN:128,(anonymous_2)
FN:133,(anonymous_3)
FN:144,(anonymous_4)
FN:149,(anonymous_5)
FN:160,(anonymous_6)
FN:165,(anonymous_7)
FN:176,(anonymous_8)
FN:181,(anonymous_9)
FN:192,(anonymous_10)
FN:197,(anonymous_11)
FN:208,(anonymous_12)
FN:213,(anonymous_13)
FN:224,(anonymous_14)
FN:229,(anonymous_15)
FN:236,(anonymous_16)
FN:237,(anonymous_17)
FN:238,(anonymous_18)
FN:239,(anonymous_19)
FN:240,(anonymous_20)
FN:241,(anonymous_21)
FN:242,(anonymous_22)
FN:243,(anonymous_23)
FNF:24
FNH:16
FNDA:13,(anonymous_0)
FNDA:5,(anonymous_1)
FNDA:5,(anonymous_2)
FNDA:4,(anonymous_3)
FNDA:7,(anonymous_4)
FNDA:3,(anonymous_5)
FNDA:7,(anonymous_6)
FNDA:3,(anonymous_7)
FNDA:26,(anonymous_8)
FNDA:3,(anonymous_9)
FNDA:20,(anonymous_10)
FNDA:3,(anonymous_11)
FNDA:12,(anonymous_12)
FNDA:3,(anonymous_13)
FNDA:5,(anonymous_14)
FNDA:3,(anonymous_15)
FNDA:0,(anonymous_16)
FNDA:0,(anonymous_17)
FNDA:0,(anonymous_18)
FNDA:0,(anonymous_19)
FNDA:0,(anonymous_20)
FNDA:0,(anonymous_21)
FNDA:0,(anonymous_22)
FNDA:0,(anonymous_23)
DA:1,2
DA:3,13
DA:4,13
DA:5,13
DA:6,13
DA:7,13
DA:8,13
DA:9,13
DA:10,13
DA:13,13
DA:14,1
DA:15,12
DA:16,3
DA:17,9
DA:20,9
DA:21,9
DA:22,9
DA:23,9
DA:24,9
DA:27,9
DA:28,9
DA:29,9
DA:30,9
DA:31,9
DA:32,9
DA:33,9
DA:36,9
DA:37,9
DA:38,9
DA:39,9
DA:40,9
DA:41,9
DA:42,9
DA:45,9
DA:46,9
DA:47,9
DA:48,9
DA:49,9
DA:50,9
DA:51,9
DA:52,9
DA:53,9
DA:54,9
DA:55,9
DA:56,9
DA:57,9
DA:58,9
DA:59,9
DA:60,9
DA:61,9
DA:62,9
DA:63,9
DA:64,9
DA:65,9
DA:66,9
DA:67,9
DA:68,9
DA:69,9
DA:70,9
DA:73,9
DA:74,9
DA:75,9
DA:76,9
DA:77,9
DA:78,9
DA:79,9
DA:80,9
DA:81,9
DA:82,9
DA:83,9
DA:84,9
DA:85,9
DA:86,9
DA:87,9
DA:88,9
DA:89,9
DA:90,9
DA:91,9
DA:92,9
DA:95,9
DA:96,9
DA:97,9
DA:98,9
DA:99,9
DA:100,9
DA:101,9
DA:102,9
DA:103,9
DA:104,9
DA:105,9
DA:106,9
DA:109,9
DA:110,9
DA:111,9
DA:112,9
DA:113,9
DA:118,5
DA:119,3
DA:122,2
DA:124,2
DA:125,1
DA:128,1
DA:129,5
DA:134,4
DA:135,2
DA:138,2
DA:140,2
DA:141,1
DA:144,1
DA:145,7
DA:150,3
DA:151,1
DA:154,2
DA:156,2
DA:157,1
DA:160,1
DA:161,7
DA:166,3
DA:167,1
DA:170,2
DA:172,2
DA:173,1
DA:176,1
DA:177,26
DA:182,3
DA:183,1
DA:186,2
DA:188,2
DA:189,1
DA:192,1
DA:193,20
DA:198,3
DA:199,1
DA:202,2
DA:204,2
DA:205,1
DA:208,1
DA:209,12
DA:214,3
DA:215,1
DA:218,2
DA:220,2
DA:221,1
DA:224,1
DA:225,5
DA:230,3
DA:231,3
DA:233,0
DA:236,0
DA:237,0
DA:238,0
DA:239,0
DA:240,0
DA:241,0
DA:242,0
DA:243,0
LF:156
LH:147
BRDA:13,0,0,1
BRDA:13,0,1,12
BRDA:15,1,0,3
BRDA:15,1,1,9
BRDA:118,2,0,3
BRDA:118,2,1,2
BRDA:124,3,0,1
BRDA:124,3,1,1
BRDA:134,4,0,2
BRDA:134,4,1,2
BRDA:140,5,0,1
BRDA:140,5,1,1
BRDA:150,6,0,1
BRDA:150,6,1,2
BRDA:156,7,0,1
BRDA:156,7,1,1
BRDA:166,8,0,1
BRDA:166,8,1,2
BRDA:172,9,0,1
BRDA:172,9,1,1
BRDA:182,10,0,1
BRDA:182,10,1,2
BRDA:188,11,0,1
BRDA:188,11,1,1
BRDA:198,12,0,1
BRDA:198,12,1,2
BRDA:204,13,0,1
BRDA:204,13,1,1
BRDA:214,14,0,1
BRDA:214,14,1,2
BRDA:220,15,0,1
BRDA:220,15,1,1
BRDA:230,16,0,3
BRDA:230,16,1,0
BRF:34
BRH:33
end_of_record
TN:
SF:public\model\rid.js
FN:12,(anonymous_0)
FN:116,(anonymous_1)
FN:128,(anonymous_2)
FN:133,(anonymous_3)
FN:144,(anonymous_4)
FN:149,(anonymous_5)
FN:160,(anonymous_6)
FN:165,(anonymous_7)
FN:176,(anonymous_8)
FN:181,(anonymous_9)
FN:192,(anonymous_10)
FN:197,(anonymous_11)
FN:208,(anonymous_12)
FN:213,(anonymous_13)
FN:224,(anonymous_14)
FN:229,(anonymous_15)
FN:236,(anonymous_16)
FN:237,(anonymous_17)
FN:238,(anonymous_18)
FN:239,(anonymous_19)
FN:240,(anonymous_20)
FN:241,(anonymous_21)
FN:242,(anonymous_22)
FN:243,(anonymous_23)
FNF:24
FNH:16
FNDA:13,(anonymous_0)
FNDA:5,(anonymous_1)
FNDA:5,(anonymous_2)
FNDA:4,(anonymous_3)
FNDA:7,(anonymous_4)
FNDA:3,(anonymous_5)
FNDA:7,(anonymous_6)
FNDA:3,(anonymous_7)
FNDA:26,(anonymous_8)
FNDA:3,(anonymous_9)
FNDA:20,(anonymous_10)
FNDA:3,(anonymous_11)
FNDA:12,(anonymous_12)
FNDA:3,(anonymous_13)
FNDA:5,(anonymous_14)
FNDA:3,(anonymous_15)
FNDA:0,(anonymous_16)
FNDA:0,(anonymous_17)
FNDA:0,(anonymous_18)
FNDA:0,(anonymous_19)
FNDA:0,(anonymous_20)
FNDA:0,(anonymous_21)
FNDA:0,(anonymous_22)
FNDA:0,(anonymous_23)
DA:3,13
DA:4,13
DA:5,13
DA:6,13
DA:7,13
DA:8,13
DA:9,13
DA:10,13
DA:13,13
DA:14,1
DA:15,12
DA:16,3
DA:17,9
DA:19,9
DA:20,9
DA:21,9
DA:22,9
DA:23,9
DA:26,9
DA:27,9
DA:28,9
DA:29,9
DA:30,9
DA:31,9
DA:32,9
DA:35,9
DA:36,9
DA:37,9
DA:38,9
DA:39,9
DA:40,9
DA:41,9
DA:44,9
DA:45,9
DA:46,9
DA:47,9
DA:48,9
DA:49,9
DA:50,9
DA:51,9
DA:52,9
DA:53,9
DA:54,9
DA:55,9
DA:56,9
DA:57,9
DA:58,9
DA:59,9
DA:60,9
DA:61,9
DA:62,9
DA:63,9
DA:64,9
DA:65,9
DA:66,9
DA:67,9
DA:68,9
DA:69,9
DA:72,9
DA:73,9
DA:74,9
DA:75,9
DA:76,9
DA:77,9
DA:78,9
DA:79,9
DA:80,9
DA:81,9
DA:82,9
DA:83,9
DA:84,9
DA:85,9
DA:86,9
DA:87,9
DA:88,9
DA:89,9
DA:90,9
DA:91,9
DA:94,9
DA:95,9
DA:96,9
DA:97,9
DA:98,9
DA:99,9
DA:100,9
DA:101,9
DA:102,9
DA:103,9
DA:104,9
DA:105,9
DA:108,9
DA:109,9
DA:110,9
DA:111,9
DA:112,9
DA:117,5
DA:118,3
DA:122,2
DA:124,2
DA:125,1
DA:128,1
DA:129,5
DA:134,4
DA:135,2
DA:138,2
DA:140,2
DA:141,1
DA:144,1
DA:145,7
DA:150,3
DA:151,1
DA:154,2
DA:156,2
DA:157,1
DA:160,1
DA:161,7
DA:166,3
DA:167,1
DA:170,2
DA:172,2
DA:173,1
DA:176,1
DA:177,26
DA:182,3
DA:183,1
DA:186,2
DA:188,2
DA:189,1
DA:192,1
DA:193,20
DA:198,3
DA:199,1
DA:202,2
DA:204,2
DA:205,1
DA:208,1
DA:209,12
DA:214,3
DA:215,1
DA:218,2
DA:220,2
DA:221,1
DA:224,1
DA:225,5
DA:230,3
DA:231,3
DA:233,0
DA:236,0
DA:237,0
DA:238,0
DA:239,0
DA:240,0
DA:241,0
DA:242,0
DA:243,0
DA:248,1
LF:156
LH:147
BRDA:13,0,0,1
BRDA:13,0,1,12
BRDA:15,1,0,3
BRDA:15,1,1,9
BRDA:117,2,0,3
BRDA:117,2,1,2
BRDA:124,3,0,1
BRDA:124,3,1,1
BRDA:134,4,0,2
BRDA:134,4,1,2
BRDA:140,5,0,1
BRDA:140,5,1,1
BRDA:150,6,0,1
BRDA:150,6,1,2
BRDA:156,7,0,1
BRDA:156,7,1,1
BRDA:166,8,0,1
BRDA:166,8,1,2
BRDA:172,9,0,1
BRDA:172,9,1,1
BRDA:182,10,0,1
BRDA:182,10,1,2
BRDA:188,11,0,1
BRDA:188,11,1,1
BRDA:198,12,0,1
BRDA:198,12,1,2
BRDA:204,13,0,1
BRDA:204,13,1,1
BRDA:214,14,0,1
BRDA:214,14,1,2
BRDA:220,15,0,1
BRDA:220,15,1,1
BRDA:230,16,0,3
BRDA:230,16,1,0
BRF:34
BRH:33
end_of_record
